<?xml version="1.0" encoding="UTF-8"?>
<testng-results skipped="0" failed="0" ignored="0" total="1" passed="1">
  <reporter-output>
  </reporter-output>
  <suite name="Surefire suite" duration-ms="17811" started-at="2022-06-08T18:55:05 IST" finished-at="2022-06-08T18:55:23 IST">
    <groups>
    </groups>
    <test name="Surefire test" duration-ms="17811" started-at="2022-06-08T18:55:05 IST" finished-at="2022-06-08T18:55:23 IST">
      <class name="SampleTest">
        <test-method status="PASS" signature="setUpCapabilities()[pri:0, instance:SampleTest@5d76b067]" name="setUpCapabilities" is-config="true" duration-ms="13816" started-at="2022-06-08T18:55:05 IST" finished-at="2022-06-08T18:55:19 IST">
          <reporter-output>
          </reporter-output>
        </test-method> <!-- setUpCapabilities -->
        <test-method status="PASS" signature="TestApp()[pri:0, instance:SampleTest@5d76b067]" name="TestApp" duration-ms="2902" started-at="2022-06-08T18:55:19 IST" finished-at="2022-06-08T18:55:22 IST">
          <reporter-output>
          </reporter-output>
        </test-method> <!-- TestApp -->
        <test-method status="PASS" signature="tearDownApp()[pri:0, instance:SampleTest@5d76b067]" name="tearDownApp" is-config="true" duration-ms="1068" started-at="2022-06-08T18:55:22 IST" finished-at="2022-06-08T18:55:23 IST">
          <reporter-output>
          </reporter-output>
        </test-method> <!-- tearDownApp -->
      </class> <!-- SampleTest -->
    </test> <!-- Surefire test -->
  </suite> <!-- Surefire suite -->
</testng-results>
